<?xml version="1.0" encoding="UTF-8"?>
<!-- Generated by org.testng.reporters.JUnitReportReporter -->
<testsuite hostname="Timyang-PC" name="testng01.SeleniumTestDemo" tests="1" failures="0" timestamp="13 Nov 2021 09:57:00 GMT" time="0.174" errors="0">
  <testcase name="testcase01" time="0.174" classname="testng01.SeleniumTestDemo"/>
</testsuite> <!-- testng01.SeleniumTestDemo -->
