<?xml version="1.0" encoding="UTF-8"?>
<!-- Generated by org.testng.reporters.JUnitReportReporter -->
<testsuite hostname="Timyang-PC" name="testng01.SecondClassTest" tests="1" failures="0" timestamp="13 Nov 2021 03:54:21 GMT" time="0.014" errors="0">
  <testcase name="testcase1" time="0.014" classname="testng01.SecondClassTest"/>
</testsuite> <!-- testng01.SecondClassTest -->
