<?xml version="1.0" encoding="UTF-8"?>
<!-- Generated by org.testng.reporters.JUnitReportReporter -->
<testsuite hostname="Timyang-PC" name="seleniumTest.TestDataProvider" tests="2" failures="0" timestamp="24 Nov 2021 12:50:51 GMT" time="36.073" errors="0">
  <testcase name="testCase001" time="18.263" classname="seleniumTest.TestDataProvider"/>
  <testcase name="testCase001" time="17.810" classname="seleniumTest.TestDataProvider"/>
</testsuite> <!-- seleniumTest.TestDataProvider -->
