<?xml version="1.0" encoding="UTF-8"?>
<!-- Generated by org.testng.reporters.JUnitReportReporter -->
<testsuite skipped="0" hostname="yangyt" name="testng01.FistClassTest" tests="1" failures="0" timestamp="17 八月 2021 04:00:14 GMT" time="0.009" errors="0">
  <testcase name="testcase1" time="0.009" classname="testng01.FistClassTest"/>
</testsuite> <!-- testng01.FistClassTest -->
