<?xml version="1.0" encoding="UTF-8"?>
<!-- Generated by org.testng.reporters.JUnitReportReporter -->
<testsuite hostname="Timyang-PC" name="seleniumTest.SearchFactory" tests="2" failures="0" timestamp="24 Nov 2021 12:22:16 GMT" time="50.209" errors="0">
  <testcase name="testCase04" time="26.517" classname="seleniumTest.SearchFactory"/>
  <testcase name="testCase04" time="23.692" classname="seleniumTest.SearchFactory"/>
</testsuite> <!-- seleniumTest.SearchFactory -->
